\BOOKMARK [1][-]{section.1}{\376\377\000A\000u\000f\000g\000a\000b\000e\000n\000s\000t\000e\000l\000l\000u\000n\000g}{}% 1
\BOOKMARK [2][-]{subsection.1.1}{\376\377\000\334\000b\000e\000r\000s\000c\000h\000r\000i\000f\000t\000\040\000E\000b\000e\000n\000e\000\040\0002}{section.1}% 2
\BOOKMARK [2][-]{subsection.1.2}{\376\377\000\334\000b\000e\000r\000s\000c\000h\000r\000i\000f\000t\000\040\000E\000b\000e\000n\000e\000\040\0002}{section.1}% 3
\BOOKMARK [1][-]{section.2}{\376\377\000S\000t\000a\000n\000d\000\040\000d\000e\000r\000\040\000T\000e\000c\000h\000n\000i\000k}{}% 4
\BOOKMARK [2][-]{subsection.2.1}{\376\377\000\334\000b\000e\000r\000s\000c\000h\000r\000i\000f\000t\000\040\000E\000b\000e\000n\000e\000\040\0002}{section.2}% 5
\BOOKMARK [2][-]{subsection.2.2}{\376\377\000\334\000b\000e\000r\000s\000c\000h\000r\000i\000f\000t\000\040\000E\000b\000e\000n\000e\000\040\0002}{section.2}% 6
\BOOKMARK [3][-]{subsubsection.2.2.1}{\376\377\000\334\000b\000e\000r\000s\000c\000h\000r\000i\000f\000t\000\040\000E\000b\000e\000n\000e\000\040\0003}{subsection.2.2}% 7
\BOOKMARK [3][-]{subsubsection.2.2.2}{\376\377\000\334\000b\000e\000r\000s\000c\000h\000r\000i\000f\000t\000\040\000E\000b\000e\000n\000e\000\040\0003}{subsection.2.2}% 8
\BOOKMARK [3][-]{subsubsection.2.2.3}{\376\377\000\334\000b\000e\000r\000s\000c\000h\000r\000i\000f\000t\000\040\000E\000b\000e\000n\000e\000\040\0003}{subsection.2.2}% 9
\BOOKMARK [2][-]{subsection.2.3}{\376\377\000\334\000b\000e\000r\000s\000c\000h\000r\000i\000f\000t\000\040\000E\000b\000e\000n\000e\000\040\0002}{section.2}% 10
\BOOKMARK [1][-]{section.3}{\376\377\000\334\000b\000e\000r\000s\000c\000h\000r\000i\000f\000t\000\040\000E\000b\000e\000n\000e\000\040\0001}{}% 11
\BOOKMARK [2][-]{subsection.3.1}{\376\377\000\334\000b\000e\000r\000s\000c\000h\000r\000i\000f\000t\000\040\000E\000b\000e\000n\000e\000\040\0002}{section.3}% 12
\BOOKMARK [2][-]{subsection.3.2}{\376\377\000\334\000b\000e\000r\000s\000c\000h\000r\000i\000f\000t\000\040\000E\000b\000e\000n\000e\000\040\0002}{section.3}% 13
\BOOKMARK [1][-]{section.4}{\376\377\000\334\000b\000e\000r\000s\000c\000h\000r\000i\000f\000t\000\040\000E\000b\000e\000n\000e\000\040\0001}{}% 14
\BOOKMARK [2][-]{subsection.4.1}{\376\377\000\334\000b\000e\000r\000s\000c\000h\000r\000i\000f\000t\000\040\000E\000b\000e\000n\000e\000\040\0002}{section.4}% 15
\BOOKMARK [2][-]{subsection.4.2}{\376\377\000\334\000b\000e\000r\000s\000c\000h\000r\000i\000f\000t\000\040\000E\000b\000e\000n\000e\000\040\0002}{section.4}% 16
\BOOKMARK [1][-]{section.5}{\376\377\000Z\000u\000s\000a\000m\000m\000e\000n\000f\000a\000s\000s\000u\000n\000g}{}% 17
\BOOKMARK [2][-]{subsection.5.1}{\376\377\000\334\000b\000e\000r\000s\000c\000h\000r\000i\000f\000t\000\040\000E\000b\000e\000n\000e\000\040\0002}{section.5}% 18
\BOOKMARK [2][-]{subsection.5.2}{\376\377\000A\000u\000s\000b\000l\000i\000c\000k}{section.5}% 19
\BOOKMARK [1][-]{table.3}{\376\377\000L\000i\000t\000e\000r\000a\000t\000u\000r\000v\000e\000r\000z\000e\000i\000c\000h\000n\000i\000s}{}% 20
\BOOKMARK [1][-]{appendix.A}{\376\377\000B\000i\000l\000d\000e\000r}{}% 21
\BOOKMARK [1][-]{appendix.B}{\376\377\000P\000r\000o\000g\000r\000a\000m\000m\000e}{}% 22
